<component name="libraryTable">
  <library name="junit-junit-4.12">
    <CLASSES>
      <root url="jar://$PROJECT_DIR$/buck-out/gen/lib/__junit__/junit-junit-4.12.jar!/" />
    </CLASSES>
    <JAVADOC />
    <SOURCES />
  </library>
</component>